<?xml version="1.0" encoding="UTF-8"?>
<!-- Generated by org.testng.reporters.JUnitReportReporter -->
<testsuite skipped="0" hostname="Vikash-PC" name="com.w2a.testcases.LoginTest" tests="1" failures="0" timestamp="21 Oct 2018 05:34:33 GMT" time="3.351" errors="0">
  <testcase name="login" time="3.351" classname="com.w2a.testcases.LoginTest"/>
</testsuite> <!-- com.w2a.testcases.LoginTest -->
